2019-09-10 00:43:04.197  INFO 11424 --- [restartedMain] pl.com.app.WebApp                        : Starting WebApp on IT with PID 11424 (C:\ProgramowanieKM\health-care-module\web\target\classes started by Tomek in C:\ProgramowanieKM\health-care-module)
2019-09-10 00:43:04.201  INFO 11424 --- [restartedMain] pl.com.app.WebApp                        : No active profile set, falling back to default profiles: default
2019-09-10 00:43:04.446  INFO 11424 --- [restartedMain] .e.DevToolsPropertyDefaultsPostProcessor : Devtools property defaults active! Set 'spring.devtools.add-properties' to 'false' to disable
2019-09-10 00:43:04.447  INFO 11424 --- [restartedMain] .e.DevToolsPropertyDefaultsPostProcessor : For additional web related logging consider setting the 'logging.level.web' property to 'DEBUG'
2019-09-10 00:43:05.892  INFO 11424 --- [restartedMain] .s.d.r.c.RepositoryConfigurationDelegate : Bootstrapping Spring Data repositories in DEFAULT mode.
2019-09-10 00:43:06.053  INFO 11424 --- [restartedMain] .s.d.r.c.RepositoryConfigurationDelegate : Finished Spring Data repository scanning in 152ms. Found 14 repository interfaces.
2019-09-10 00:43:06.760  INFO 11424 --- [restartedMain] trationDelegate$BeanPostProcessorChecker : Bean 'org.springframework.transaction.annotation.ProxyTransactionManagementConfiguration' of type [org.springframework.transaction.annotation.ProxyTransactionManagementConfiguration$$EnhancerBySpringCGLIB$$32b61e43] is not eligible for getting processed by all BeanPostProcessors (for example: not eligible for auto-proxying)
2019-09-10 00:43:06.822  INFO 11424 --- [restartedMain] trationDelegate$BeanPostProcessorChecker : Bean 'org.springframework.security.config.annotation.configuration.ObjectPostProcessorConfiguration' of type [org.springframework.security.config.annotation.configuration.ObjectPostProcessorConfiguration$$EnhancerBySpringCGLIB$$cb63e67d] is not eligible for getting processed by all BeanPostProcessors (for example: not eligible for auto-proxying)
2019-09-10 00:43:06.830  INFO 11424 --- [restartedMain] trationDelegate$BeanPostProcessorChecker : Bean 'objectPostProcessor' of type [org.springframework.security.config.annotation.configuration.AutowireBeanFactoryObjectPostProcessor] is not eligible for getting processed by all BeanPostProcessors (for example: not eligible for auto-proxying)
2019-09-10 00:43:06.832  INFO 11424 --- [restartedMain] trationDelegate$BeanPostProcessorChecker : Bean 'org.springframework.security.access.expression.method.DefaultMethodSecurityExpressionHandler@55e5faf2' of type [org.springframework.security.access.expression.method.DefaultMethodSecurityExpressionHandler] is not eligible for getting processed by all BeanPostProcessors (for example: not eligible for auto-proxying)
2019-09-10 00:43:06.835  INFO 11424 --- [restartedMain] trationDelegate$BeanPostProcessorChecker : Bean 'methodSecurityConfig' of type [pl.com.app.security.MethodSecurityConfig$$EnhancerBySpringCGLIB$$c19fb28d] is not eligible for getting processed by all BeanPostProcessors (for example: not eligible for auto-proxying)
2019-09-10 00:43:06.844  INFO 11424 --- [restartedMain] trationDelegate$BeanPostProcessorChecker : Bean 'org.springframework.security.config.annotation.method.configuration.Jsr250MetadataSourceConfiguration' of type [org.springframework.security.config.annotation.method.configuration.Jsr250MetadataSourceConfiguration$$EnhancerBySpringCGLIB$$158da145] is not eligible for getting processed by all BeanPostProcessors (for example: not eligible for auto-proxying)
2019-09-10 00:43:06.847  INFO 11424 --- [restartedMain] trationDelegate$BeanPostProcessorChecker : Bean 'jsr250MethodSecurityMetadataSource' of type [org.springframework.security.access.annotation.Jsr250MethodSecurityMetadataSource] is not eligible for getting processed by all BeanPostProcessors (for example: not eligible for auto-proxying)
2019-09-10 00:43:06.849  INFO 11424 --- [restartedMain] trationDelegate$BeanPostProcessorChecker : Bean 'methodSecurityMetadataSource' of type [org.springframework.security.access.method.DelegatingMethodSecurityMetadataSource] is not eligible for getting processed by all BeanPostProcessors (for example: not eligible for auto-proxying)
2019-09-10 00:43:07.189  INFO 11424 --- [restartedMain] o.s.b.w.embedded.tomcat.TomcatWebServer  : Tomcat initialized with port(s): 8080 (http)
2019-09-10 00:43:07.218  INFO 11424 --- [restartedMain] o.apache.catalina.core.StandardService   : Starting service [Tomcat]
2019-09-10 00:43:07.219  INFO 11424 --- [restartedMain] org.apache.catalina.core.StandardEngine  : Starting Servlet engine: [Apache Tomcat/9.0.24]
2019-09-10 00:43:07.332  INFO 11424 --- [restartedMain] o.a.c.c.C.[Tomcat].[localhost].[/]       : Initializing Spring embedded WebApplicationContext
2019-09-10 00:43:07.529  INFO 11424 --- [restartedMain] com.zaxxer.hikari.HikariDataSource       : HikariPool-1 - Starting...
2019-09-10 00:43:07.666  INFO 11424 --- [restartedMain] com.zaxxer.hikari.HikariDataSource       : HikariPool-1 - Start completed.
2019-09-10 00:43:07.733  INFO 11424 --- [restartedMain] o.hibernate.jpa.internal.util.LogHelper  : HHH000204: Processing PersistenceUnitInfo [
	name: default
	...]
2019-09-10 00:43:07.834  INFO 11424 --- [restartedMain] org.hibernate.Version                    : HHH000412: Hibernate Core {5.3.11.Final}
2019-09-10 00:43:07.836  INFO 11424 --- [restartedMain] org.hibernate.cfg.Environment            : HHH000206: hibernate.properties not found
2019-09-10 00:43:08.037  INFO 11424 --- [restartedMain] o.hibernate.annotations.common.Version   : HCANN000001: Hibernate Commons Annotations {5.0.4.Final}
2019-09-10 00:43:08.211  INFO 11424 --- [restartedMain] org.hibernate.dialect.Dialect            : HHH000400: Using dialect: org.hibernate.dialect.MySQL5Dialect
2019-09-10 00:43:09.590  INFO 11424 --- [restartedMain] j.LocalContainerEntityManagerFactoryBean : Initialized JPA EntityManagerFactory for persistence unit 'default'
2019-09-10 00:43:09.645  INFO 11424 --- [restartedMain] o.s.b.d.a.OptionalLiveReloadServer       : LiveReload server is running on port 35729
2019-09-10 00:43:10.087  INFO 11424 --- [restartedMain] o.h.h.i.QueryTranslatorFactoryInitiator  : HHH000397: Using ASTQueryTranslatorFactory
2019-09-10 00:43:11.050  INFO 11424 --- [restartedMain] o.s.s.web.DefaultSecurityFilterChain     : Creating filter chain: any request, [org.springframework.security.web.context.request.async.WebAsyncManagerIntegrationFilter@4acc34f8, org.springframework.security.web.context.SecurityContextPersistenceFilter@41dbb513, org.springframework.security.web.header.HeaderWriterFilter@4d65e6e3, org.springframework.security.web.csrf.CsrfFilter@446892fd, org.springframework.security.web.authentication.logout.LogoutFilter@48f79c53, org.springframework.security.web.authentication.UsernamePasswordAuthenticationFilter@2eafb524, org.springframework.security.web.savedrequest.RequestCacheAwareFilter@1ce587bc, org.springframework.security.web.servletapi.SecurityContextHolderAwareRequestFilter@3ec54dcc, org.springframework.security.web.authentication.AnonymousAuthenticationFilter@545838c, org.springframework.security.web.session.SessionManagementFilter@35719b81, org.springframework.security.web.access.ExceptionTranslationFilter@2f423616, org.springframework.security.web.access.intercept.FilterSecurityInterceptor@95b1488]
2019-09-10 00:43:11.243  INFO 11424 --- [restartedMain] o.s.s.concurrent.ThreadPoolTaskExecutor  : Initializing ExecutorService 'applicationTaskExecutor'
2019-09-10 00:43:11.295  WARN 11424 --- [restartedMain] aWebConfiguration$JpaWebMvcConfiguration : spring.jpa.open-in-view is enabled by default. Therefore, database queries may be performed during view rendering. Explicitly configure spring.jpa.open-in-view to disable this warning
2019-09-10 00:43:11.421  WARN 11424 --- [restartedMain] ion$DefaultTemplateResolverConfiguration : Cannot find template location: file:///C:/ProgramowanieKM/health-care-module/src/main/resources/templates/ (please add some templates or check your Thymeleaf configuration)
2019-09-10 00:43:11.539  INFO 11424 --- [restartedMain] o.s.s.c.ThreadPoolTaskScheduler          : Initializing ExecutorService 'taskScheduler'
2019-09-10 00:43:11.670  INFO 11424 --- [restartedMain] o.s.b.w.embedded.tomcat.TomcatWebServer  : Tomcat started on port(s): 8080 (http) with context path ''
2019-09-10 00:43:11.674  INFO 11424 --- [restartedMain] pl.com.app.WebApp                        : Started WebApp in 8.434 seconds (JVM running for 9.505)
2019-09-10 01:21:38.830  INFO 1376 --- [restartedMain] pl.com.app.WebApp                        : Starting WebApp on IT with PID 1376 (C:\ProgramowanieKM\health-care-module\web\target\classes started by Tomek in C:\ProgramowanieKM\health-care-module)
2019-09-10 01:21:38.837  INFO 1376 --- [restartedMain] pl.com.app.WebApp                        : No active profile set, falling back to default profiles: default
2019-09-10 01:21:38.954  INFO 1376 --- [restartedMain] .e.DevToolsPropertyDefaultsPostProcessor : Devtools property defaults active! Set 'spring.devtools.add-properties' to 'false' to disable
2019-09-10 01:21:38.954  INFO 1376 --- [restartedMain] .e.DevToolsPropertyDefaultsPostProcessor : For additional web related logging consider setting the 'logging.level.web' property to 'DEBUG'
2019-09-10 01:21:40.546  INFO 1376 --- [restartedMain] .s.d.r.c.RepositoryConfigurationDelegate : Bootstrapping Spring Data repositories in DEFAULT mode.
2019-09-10 01:21:40.760  INFO 1376 --- [restartedMain] .s.d.r.c.RepositoryConfigurationDelegate : Finished Spring Data repository scanning in 203ms. Found 14 repository interfaces.
2019-09-10 01:21:41.506  INFO 1376 --- [restartedMain] trationDelegate$BeanPostProcessorChecker : Bean 'org.springframework.transaction.annotation.ProxyTransactionManagementConfiguration' of type [org.springframework.transaction.annotation.ProxyTransactionManagementConfiguration$$EnhancerBySpringCGLIB$$6b0dfed] is not eligible for getting processed by all BeanPostProcessors (for example: not eligible for auto-proxying)
2019-09-10 01:21:41.554  INFO 1376 --- [restartedMain] trationDelegate$BeanPostProcessorChecker : Bean 'org.springframework.security.config.annotation.configuration.ObjectPostProcessorConfiguration' of type [org.springframework.security.config.annotation.configuration.ObjectPostProcessorConfiguration$$EnhancerBySpringCGLIB$$9f5ea827] is not eligible for getting processed by all BeanPostProcessors (for example: not eligible for auto-proxying)
2019-09-10 01:21:41.561  INFO 1376 --- [restartedMain] trationDelegate$BeanPostProcessorChecker : Bean 'objectPostProcessor' of type [org.springframework.security.config.annotation.configuration.AutowireBeanFactoryObjectPostProcessor] is not eligible for getting processed by all BeanPostProcessors (for example: not eligible for auto-proxying)
2019-09-10 01:21:41.563  INFO 1376 --- [restartedMain] trationDelegate$BeanPostProcessorChecker : Bean 'org.springframework.security.access.expression.method.DefaultMethodSecurityExpressionHandler@632caa85' of type [org.springframework.security.access.expression.method.DefaultMethodSecurityExpressionHandler] is not eligible for getting processed by all BeanPostProcessors (for example: not eligible for auto-proxying)
2019-09-10 01:21:41.568  INFO 1376 --- [restartedMain] trationDelegate$BeanPostProcessorChecker : Bean 'methodSecurityConfig' of type [pl.com.app.security.MethodSecurityConfig$$EnhancerBySpringCGLIB$$959a7437] is not eligible for getting processed by all BeanPostProcessors (for example: not eligible for auto-proxying)
2019-09-10 01:21:41.577  INFO 1376 --- [restartedMain] trationDelegate$BeanPostProcessorChecker : Bean 'org.springframework.security.config.annotation.method.configuration.Jsr250MetadataSourceConfiguration' of type [org.springframework.security.config.annotation.method.configuration.Jsr250MetadataSourceConfiguration$$EnhancerBySpringCGLIB$$e98862ef] is not eligible for getting processed by all BeanPostProcessors (for example: not eligible for auto-proxying)
2019-09-10 01:21:41.579  INFO 1376 --- [restartedMain] trationDelegate$BeanPostProcessorChecker : Bean 'jsr250MethodSecurityMetadataSource' of type [org.springframework.security.access.annotation.Jsr250MethodSecurityMetadataSource] is not eligible for getting processed by all BeanPostProcessors (for example: not eligible for auto-proxying)
2019-09-10 01:21:41.580  INFO 1376 --- [restartedMain] trationDelegate$BeanPostProcessorChecker : Bean 'methodSecurityMetadataSource' of type [org.springframework.security.access.method.DelegatingMethodSecurityMetadataSource] is not eligible for getting processed by all BeanPostProcessors (for example: not eligible for auto-proxying)
2019-09-10 01:21:41.957  INFO 1376 --- [restartedMain] o.s.b.w.embedded.tomcat.TomcatWebServer  : Tomcat initialized with port(s): 8080 (http)
2019-09-10 01:21:41.984  INFO 1376 --- [restartedMain] o.apache.catalina.core.StandardService   : Starting service [Tomcat]
2019-09-10 01:21:41.984  INFO 1376 --- [restartedMain] org.apache.catalina.core.StandardEngine  : Starting Servlet engine: [Apache Tomcat/9.0.24]
2019-09-10 01:21:42.094  INFO 1376 --- [restartedMain] o.a.c.c.C.[Tomcat].[localhost].[/]       : Initializing Spring embedded WebApplicationContext
2019-09-10 01:21:42.306  INFO 1376 --- [restartedMain] com.zaxxer.hikari.HikariDataSource       : HikariPool-1 - Starting...
2019-09-10 01:21:42.436  INFO 1376 --- [restartedMain] com.zaxxer.hikari.HikariDataSource       : HikariPool-1 - Start completed.
2019-09-10 01:21:42.502  INFO 1376 --- [restartedMain] o.hibernate.jpa.internal.util.LogHelper  : HHH000204: Processing PersistenceUnitInfo [
	name: default
	...]
2019-09-10 01:21:42.608  INFO 1376 --- [restartedMain] org.hibernate.Version                    : HHH000412: Hibernate Core {5.3.11.Final}
2019-09-10 01:21:42.610  INFO 1376 --- [restartedMain] org.hibernate.cfg.Environment            : HHH000206: hibernate.properties not found
2019-09-10 01:21:42.785  INFO 1376 --- [restartedMain] o.hibernate.annotations.common.Version   : HCANN000001: Hibernate Commons Annotations {5.0.4.Final}
2019-09-10 01:21:42.959  INFO 1376 --- [restartedMain] org.hibernate.dialect.Dialect            : HHH000400: Using dialect: org.hibernate.dialect.MySQL5Dialect
2019-09-10 01:21:44.483  INFO 1376 --- [restartedMain] j.LocalContainerEntityManagerFactoryBean : Initialized JPA EntityManagerFactory for persistence unit 'default'
2019-09-10 01:21:44.544  INFO 1376 --- [restartedMain] o.s.b.d.a.OptionalLiveReloadServer       : LiveReload server is running on port 35729
2019-09-10 01:21:44.986  INFO 1376 --- [restartedMain] o.h.h.i.QueryTranslatorFactoryInitiator  : HHH000397: Using ASTQueryTranslatorFactory
2019-09-10 01:21:45.915  INFO 1376 --- [restartedMain] o.s.s.web.DefaultSecurityFilterChain     : Creating filter chain: any request, [org.springframework.security.web.context.request.async.WebAsyncManagerIntegrationFilter@146e083e, org.springframework.security.web.context.SecurityContextPersistenceFilter@35c3d8e0, org.springframework.security.web.header.HeaderWriterFilter@3ec54dcc, org.springframework.security.web.csrf.CsrfFilter@6cd601a3, org.springframework.security.web.authentication.logout.LogoutFilter@575d29d1, org.springframework.security.web.authentication.UsernamePasswordAuthenticationFilter@61935843, org.springframework.security.web.savedrequest.RequestCacheAwareFilter@20365f92, org.springframework.security.web.servletapi.SecurityContextHolderAwareRequestFilter@5c0d83d9, org.springframework.security.web.authentication.AnonymousAuthenticationFilter@52df099f, org.springframework.security.web.session.SessionManagementFilter@907a378, org.springframework.security.web.access.ExceptionTranslationFilter@7b20e439, org.springframework.security.web.access.intercept.FilterSecurityInterceptor@29396f5a]
2019-09-10 01:21:46.111  INFO 1376 --- [restartedMain] o.s.s.concurrent.ThreadPoolTaskExecutor  : Initializing ExecutorService 'applicationTaskExecutor'
2019-09-10 01:21:46.158  WARN 1376 --- [restartedMain] aWebConfiguration$JpaWebMvcConfiguration : spring.jpa.open-in-view is enabled by default. Therefore, database queries may be performed during view rendering. Explicitly configure spring.jpa.open-in-view to disable this warning
2019-09-10 01:21:46.284  WARN 1376 --- [restartedMain] ion$DefaultTemplateResolverConfiguration : Cannot find template location: file:///C:/ProgramowanieKM/health-care-module/src/main/resources/templates/ (please add some templates or check your Thymeleaf configuration)
2019-09-10 01:21:46.408  INFO 1376 --- [restartedMain] o.s.s.c.ThreadPoolTaskScheduler          : Initializing ExecutorService 'taskScheduler'
2019-09-10 01:21:46.538  INFO 1376 --- [restartedMain] o.s.b.w.embedded.tomcat.TomcatWebServer  : Tomcat started on port(s): 8080 (http) with context path ''
2019-09-10 01:21:46.541  INFO 1376 --- [restartedMain] pl.com.app.WebApp                        : Started WebApp in 8.508 seconds (JVM running for 9.661)
